<?xml version="1.0" encoding="UTF-8"?>
<!-- Generated by org.testng.reporters.JUnitReportReporter -->
<testsuite hostname="BOOK-1C7VJP5ALB" failures="0" tests="1" name="com.example.orangehrm.tests.LoginTest" time="8.768" errors="0" timestamp="2025-10-14T23:38:18 IST" skipped="0">
  <testcase classname="com.example.orangehrm.tests.LoginTest" name="loginTest" time="8.768"/>
</testsuite> <!-- com.example.orangehrm.tests.LoginTest -->
